[debug] [2025-11-19T19:03:36.648Z] [Firebase Plugin] Activating Firebase extension.
[debug] [2025-11-19T19:03:42.344Z] [Firebase Plugin] requireAuthWrapper
[debug] [2025-11-19T19:03:42.347Z] > command requires scopes: ["email","openid","https://www.googleapis.com/auth/cloudplatformprojects.readonly","https://www.googleapis.com/auth/firebase","https://www.googleapis.com/auth/cloud-platform"]
[debug] [2025-11-19T19:03:42.348Z] > authorizing via signed-in user (anujyadav160@gmail.com)
[debug] [2025-11-19T19:03:42.351Z] Checked if tokens are valid: true, expires at: 1763582168741
[debug] [2025-11-19T19:03:42.352Z] Checked if tokens are valid: true, expires at: 1763582168741
[debug] [2025-11-19T19:03:42.352Z] [Firebase Plugin] User found:  anujyadav160@gmail.com
[info] [Firebase Plugin] (Core:Project) New user detected, fetching projects
[debug] [2025-11-19T19:03:42.354Z] Checked if tokens are valid: true, expires at: 1763582168741
[debug] [2025-11-19T19:03:42.357Z] >>> [apiv2][query] GET https://firebase.googleapis.com/v1beta1/projects pageSize=1000
[info] [Firebase Plugin] Starting Data Connect toolkit (version 2.17.0) on port 50002
[debug] [2025-11-19T19:03:42.888Z] 'fdc build' failed with error: Unable to build your Data Connect schema and connectors (exit code 1): E1119 11:03:42.883141   28532 cmd.go:43] Error loading data connect config: could not find dataconnect.yaml in `c:\Users\ariaa\beemo-house-next\dataconnect`
 {"metadata":{"emulator":{"name":"dataconnect"},"message":"'fdc build' failed with error: Unable to build your Data Connect schema and connectors (exit code 1): E1119 11:03:42.883141   28532 cmd.go:43] Error loading data connect config: could not find dataconnect.yaml in `c:\\Users\\ariaa\\beemo-house-next\\dataconnect`\n"}}
[debug] [2025-11-19T19:03:42.889Z] Ignoring unsupported arg: auto_download {"metadata":{"emulator":{"name":"dataconnect"},"message":"Ignoring unsupported arg: auto_download"}}
[debug] [2025-11-19T19:03:42.890Z] Ignoring unsupported arg: port {"metadata":{"emulator":{"name":"dataconnect"},"message":"Ignoring unsupported arg: port"}}
[debug] [2025-11-19T19:03:42.890Z] Starting Data Connect Emulator with command {"binary":"C:\\Users\\ariaa\\.cache\\firebase\\emulators\\dataconnect-emulator-2.17.0.exe","args":["--logtostderr","-v=2","dev","--listen=localhost:50002","--config_dir=c:\\Users\\ariaa\\beemo-house-next\\dataconnect","--enable_output_schema_extensions=true","--enable_output_generated_sdk=true"],"optionalArgs":["listen","config_dir","enable_output_schema_extensions","enable_output_generated_sdk"],"joinArgs":true,"shell":false,"port":9399} {"metadata":{"emulator":{"name":"dataconnect"},"message":"Starting Data Connect Emulator with command {\"binary\":\"C:\\\\Users\\\\ariaa\\\\.cache\\\\firebase\\\\emulators\\\\dataconnect-emulator-2.17.0.exe\",\"args\":[\"--logtostderr\",\"-v=2\",\"dev\",\"--listen=localhost:50002\",\"--config_dir=c:\\\\Users\\\\ariaa\\\\beemo-house-next\\\\dataconnect\",\"--enable_output_schema_extensions=true\",\"--enable_output_generated_sdk=true\"],\"optionalArgs\":[\"listen\",\"config_dir\",\"enable_output_schema_extensions\",\"enable_output_generated_sdk\"],\"joinArgs\":true,\"shell\":false,\"port\":9399}"}}
[info] i  dataconnect: Data Connect Emulator logging to dataconnect-debug.log {"metadata":{"emulator":{"name":"dataconnect"},"message":"Data Connect Emulator logging to \u001b[1mdataconnect-debug.log\u001b[22m"}}
[debug] [2025-11-19T19:03:42.949Z] E1119 11:03:42.947727    7240 dev.go:82] Failed to load initial config from "c:\\Users\\ariaa\\beemo-house-next\\dataconnect": could not find dataconnect.yaml in `c:\Users\ariaa\beemo-house-next\dataconnect`
E1119 11:03:42.949435    7240 watch.go:102] watchAllDir unable to walk dir `c:\Users\ariaa\beemo-house-next\dataconnect`: CreateFile c:\Users\ariaa\beemo-house-next\dataconnect: The system cannot find the file specified.
 {"metadata":{"emulator":{"name":"dataconnect"},"message":"E1119 11:03:42.947727    7240 dev.go:82] Failed to load initial config from \"c:\\\\Users\\\\ariaa\\\\beemo-house-next\\\\dataconnect\": could not find dataconnect.yaml in `c:\\Users\\ariaa\\beemo-house-next\\dataconnect`\nE1119 11:03:42.949435    7240 watch.go:102] watchAllDir unable to walk dir `c:\\Users\\ariaa\\beemo-house-next\\dataconnect`: CreateFile c:\\Users\\ariaa\\beemo-house-next\\dataconnect: The system cannot find the file specified.\n"}}
[debug] [2025-11-19T19:03:42.974Z] I1119 11:03:42.964081    7240 dev.go:105] Listening on address (HTTP + gRPC): 127.0.0.1:50002
 {"metadata":{"emulator":{"name":"dataconnect"},"message":"I1119 11:03:42.964081    7240 dev.go:105] Listening on address (HTTP + gRPC): 127.0.0.1:50002\n"}}
[error] [Firebase Plugin] error:  {}
[debug] [2025-11-19T19:03:43.195Z] <<< [apiv2][status] GET https://firebase.googleapis.com/v1beta1/projects 200
[debug] [2025-11-19T19:03:43.195Z] <<< [apiv2][body] GET https://firebase.googleapis.com/v1beta1/projects [omitted]
[debug] [2025-11-19T19:03:52.950Z] E1119 11:03:52.950072    7240 watch.go:31] Failed to load config from "c:\\Users\\ariaa\\beemo-house-next\\dataconnect": could not find dataconnect.yaml in `c:\Users\ariaa\beemo-house-next\dataconnect`
 {"metadata":{"emulator":{"name":"dataconnect"},"message":"E1119 11:03:52.950072    7240 watch.go:31] Failed to load config from \"c:\\\\Users\\\\ariaa\\\\beemo-house-next\\\\dataconnect\": could not find dataconnect.yaml in `c:\\Users\\ariaa\\beemo-house-next\\dataconnect`\n"}}
[debug] [2025-11-19T19:04:02.949Z] E1119 11:04:02.950087    7240 watch.go:31] Failed to load config from "c:\\Users\\ariaa\\beemo-house-next\\dataconnect": could not find dataconnect.yaml in `c:\Users\ariaa\beemo-house-next\dataconnect`
 {"metadata":{"emulator":{"name":"dataconnect"},"message":"E1119 11:04:02.950087    7240 watch.go:31] Failed to load config from \"c:\\\\Users\\\\ariaa\\\\beemo-house-next\\\\dataconnect\": could not find dataconnect.yaml in `c:\\Users\\ariaa\\beemo-house-next\\dataconnect`\n"}}
[debug] [2025-11-19T19:04:12.949Z] E1119 11:04:12.949668    7240 watch.go:31] Failed to load config from "c:\\Users\\ariaa\\beemo-house-next\\dataconnect": could not find dataconnect.yaml in `c:\Users\ariaa\beemo-house-next\dataconnect`
 {"metadata":{"emulator":{"name":"dataconnect"},"message":"E1119 11:04:12.949668    7240 watch.go:31] Failed to load config from \"c:\\\\Users\\\\ariaa\\\\beemo-house-next\\\\dataconnect\": could not find dataconnect.yaml in `c:\\Users\\ariaa\\beemo-house-next\\dataconnect`\n"}}
[debug] [2025-11-19T19:04:22.949Z] E1119 11:04:22.949556    7240 watch.go:31] Failed to load config from "c:\\Users\\ariaa\\beemo-house-next\\dataconnect": could not find dataconnect.yaml in `c:\Users\ariaa\beemo-house-next\dataconnect`
 {"metadata":{"emulator":{"name":"dataconnect"},"message":"E1119 11:04:22.949556    7240 watch.go:31] Failed to load config from \"c:\\\\Users\\\\ariaa\\\\beemo-house-next\\\\dataconnect\": could not find dataconnect.yaml in `c:\\Users\\ariaa\\beemo-house-next\\dataconnect`\n"}}
[debug] [2025-11-19T19:04:32.950Z] E1119 11:04:32.950480    7240 watch.go:31] Failed to load config from "c:\\Users\\ariaa\\beemo-house-next\\dataconnect": could not find dataconnect.yaml in `c:\Users\ariaa\beemo-house-next\dataconnect`
 {"metadata":{"emulator":{"name":"dataconnect"},"message":"E1119 11:04:32.950480    7240 watch.go:31] Failed to load config from \"c:\\\\Users\\\\ariaa\\\\beemo-house-next\\\\dataconnect\": could not find dataconnect.yaml in `c:\\Users\\ariaa\\beemo-house-next\\dataconnect`\n"}}
[debug] [2025-11-19T19:04:42.950Z] E1119 11:04:42.950039    7240 watch.go:31] Failed to load config from "c:\\Users\\ariaa\\beemo-house-next\\dataconnect": could not find dataconnect.yaml in `c:\Users\ariaa\beemo-house-next\dataconnect`
 {"metadata":{"emulator":{"name":"dataconnect"},"message":"E1119 11:04:42.950039    7240 watch.go:31] Failed to load config from \"c:\\\\Users\\\\ariaa\\\\beemo-house-next\\\\dataconnect\": could not find dataconnect.yaml in `c:\\Users\\ariaa\\beemo-house-next\\dataconnect`\n"}}
[debug] [2025-11-19T19:04:52.950Z] E1119 11:04:52.950508    7240 watch.go:31] Failed to load config from "c:\\Users\\ariaa\\beemo-house-next\\dataconnect": could not find dataconnect.yaml in `c:\Users\ariaa\beemo-house-next\dataconnect`
 {"metadata":{"emulator":{"name":"dataconnect"},"message":"E1119 11:04:52.950508    7240 watch.go:31] Failed to load config from \"c:\\\\Users\\\\ariaa\\\\beemo-house-next\\\\dataconnect\": could not find dataconnect.yaml in `c:\\Users\\ariaa\\beemo-house-next\\dataconnect`\n"}}
[debug] [2025-11-19T19:05:02.950Z] E1119 11:05:02.950412    7240 watch.go:31] Failed to load config from "c:\\Users\\ariaa\\beemo-house-next\\dataconnect": could not find dataconnect.yaml in `c:\Users\ariaa\beemo-house-next\dataconnect`
 {"metadata":{"emulator":{"name":"dataconnect"},"message":"E1119 11:05:02.950412    7240 watch.go:31] Failed to load config from \"c:\\\\Users\\\\ariaa\\\\beemo-house-next\\\\dataconnect\": could not find dataconnect.yaml in `c:\\Users\\ariaa\\beemo-house-next\\dataconnect`\n"}}
[debug] [2025-11-19T19:05:12.950Z] E1119 11:05:12.950580    7240 watch.go:31] Failed to load config from "c:\\Users\\ariaa\\beemo-house-next\\dataconnect": could not find dataconnect.yaml in `c:\Users\ariaa\beemo-house-next\dataconnect`
 {"metadata":{"emulator":{"name":"dataconnect"},"message":"E1119 11:05:12.950580    7240 watch.go:31] Failed to load config from \"c:\\\\Users\\\\ariaa\\\\beemo-house-next\\\\dataconnect\": could not find dataconnect.yaml in `c:\\Users\\ariaa\\beemo-house-next\\dataconnect`\n"}}
[debug] [2025-11-19T19:05:22.950Z] E1119 11:05:22.949907    7240 watch.go:31] Failed to load config from "c:\\Users\\ariaa\\beemo-house-next\\dataconnect": could not find dataconnect.yaml in `c:\Users\ariaa\beemo-house-next\dataconnect`
 {"metadata":{"emulator":{"name":"dataconnect"},"message":"E1119 11:05:22.949907    7240 watch.go:31] Failed to load config from \"c:\\\\Users\\\\ariaa\\\\beemo-house-next\\\\dataconnect\": could not find dataconnect.yaml in `c:\\Users\\ariaa\\beemo-house-next\\dataconnect`\n"}}
[debug] [2025-11-19T19:05:32.950Z] E1119 11:05:32.950131    7240 watch.go:31] Failed to load config from "c:\\Users\\ariaa\\beemo-house-next\\dataconnect": could not find dataconnect.yaml in `c:\Users\ariaa\beemo-house-next\dataconnect`
 {"metadata":{"emulator":{"name":"dataconnect"},"message":"E1119 11:05:32.950131    7240 watch.go:31] Failed to load config from \"c:\\\\Users\\\\ariaa\\\\beemo-house-next\\\\dataconnect\": could not find dataconnect.yaml in `c:\\Users\\ariaa\\beemo-house-next\\dataconnect`\n"}}
[debug] [2025-11-19T19:05:42.950Z] E1119 11:05:42.950005    7240 watch.go:31] Failed to load config from "c:\\Users\\ariaa\\beemo-house-next\\dataconnect": could not find dataconnect.yaml in `c:\Users\ariaa\beemo-house-next\dataconnect`
E1119 11:05:42.950005    7240 watch.go:102] watchAllDir unable to walk dir `c:\Users\ariaa\beemo-house-next\dataconnect`: CreateFile c:\Users\ariaa\beemo-house-next\dataconnect: The system cannot find the file specified.
 {"metadata":{"emulator":{"name":"dataconnect"},"message":"E1119 11:05:42.950005    7240 watch.go:31] Failed to load config from \"c:\\\\Users\\\\ariaa\\\\beemo-house-next\\\\dataconnect\": could not find dataconnect.yaml in `c:\\Users\\ariaa\\beemo-house-next\\dataconnect`\nE1119 11:05:42.950005    7240 watch.go:102] watchAllDir unable to walk dir `c:\\Users\\ariaa\\beemo-house-next\\dataconnect`: CreateFile c:\\Users\\ariaa\\beemo-house-next\\dataconnect: The system cannot find the file specified.\n"}}
[debug] [2025-11-19T19:05:52.950Z] E1119 11:05:52.950194    7240 watch.go:31] Failed to load config from "c:\\Users\\ariaa\\beemo-house-next\\dataconnect": could not find dataconnect.yaml in `c:\Users\ariaa\beemo-house-next\dataconnect`
 {"metadata":{"emulator":{"name":"dataconnect"},"message":"E1119 11:05:52.950194    7240 watch.go:31] Failed to load config from \"c:\\\\Users\\\\ariaa\\\\beemo-house-next\\\\dataconnect\": could not find dataconnect.yaml in `c:\\Users\\ariaa\\beemo-house-next\\dataconnect`\n"}}
[debug] [2025-11-19T19:06:02.951Z] E1119 11:06:02.951060    7240 watch.go:31] Failed to load config from "c:\\Users\\ariaa\\beemo-house-next\\dataconnect": could not find dataconnect.yaml in `c:\Users\ariaa\beemo-house-next\dataconnect`
 {"metadata":{"emulator":{"name":"dataconnect"},"message":"E1119 11:06:02.951060    7240 watch.go:31] Failed to load config from \"c:\\\\Users\\\\ariaa\\\\beemo-house-next\\\\dataconnect\": could not find dataconnect.yaml in `c:\\Users\\ariaa\\beemo-house-next\\dataconnect`\n"}}
[debug] [2025-11-19T19:06:12.950Z] E1119 11:06:12.950110    7240 watch.go:31] Failed to load config from "c:\\Users\\ariaa\\beemo-house-next\\dataconnect": could not find dataconnect.yaml in `c:\Users\ariaa\beemo-house-next\dataconnect`
 {"metadata":{"emulator":{"name":"dataconnect"},"message":"E1119 11:06:12.950110    7240 watch.go:31] Failed to load config from \"c:\\\\Users\\\\ariaa\\\\beemo-house-next\\\\dataconnect\": could not find dataconnect.yaml in `c:\\Users\\ariaa\\beemo-house-next\\dataconnect`\n"}}
[debug] [2025-11-19T19:06:22.950Z] E1119 11:06:22.949676    7240 watch.go:31] Failed to load config from "c:\\Users\\ariaa\\beemo-house-next\\dataconnect": could not find dataconnect.yaml in `c:\Users\ariaa\beemo-house-next\dataconnect`
 {"metadata":{"emulator":{"name":"dataconnect"},"message":"E1119 11:06:22.949676    7240 watch.go:31] Failed to load config from \"c:\\\\Users\\\\ariaa\\\\beemo-house-next\\\\dataconnect\": could not find dataconnect.yaml in `c:\\Users\\ariaa\\beemo-house-next\\dataconnect`\n"}}
[debug] [2025-11-19T19:06:32.951Z] E1119 11:06:32.950684    7240 watch.go:31] Failed to load config from "c:\\Users\\ariaa\\beemo-house-next\\dataconnect": could not find dataconnect.yaml in `c:\Users\ariaa\beemo-house-next\dataconnect`
 {"metadata":{"emulator":{"name":"dataconnect"},"message":"E1119 11:06:32.950684    7240 watch.go:31] Failed to load config from \"c:\\\\Users\\\\ariaa\\\\beemo-house-next\\\\dataconnect\": could not find dataconnect.yaml in `c:\\Users\\ariaa\\beemo-house-next\\dataconnect`\n"}}
[debug] [2025-11-19T19:06:42.954Z] E1119 11:06:42.950008    7240 watch.go:31] Failed to load config from "c:\\Users\\ariaa\\beemo-house-next\\dataconnect": could not find dataconnect.yaml in `c:\Users\ariaa\beemo-house-next\dataconnect`
 {"metadata":{"emulator":{"name":"dataconnect"},"message":"E1119 11:06:42.950008    7240 watch.go:31] Failed to load config from \"c:\\\\Users\\\\ariaa\\\\beemo-house-next\\\\dataconnect\": could not find dataconnect.yaml in `c:\\Users\\ariaa\\beemo-house-next\\dataconnect`\n"}}
[debug] [2025-11-19T19:06:52.951Z] E1119 11:06:52.951355    7240 watch.go:31] Failed to load config from "c:\\Users\\ariaa\\beemo-house-next\\dataconnect": could not find dataconnect.yaml in `c:\Users\ariaa\beemo-house-next\dataconnect`
 {"metadata":{"emulator":{"name":"dataconnect"},"message":"E1119 11:06:52.951355    7240 watch.go:31] Failed to load config from \"c:\\\\Users\\\\ariaa\\\\beemo-house-next\\\\dataconnect\": could not find dataconnect.yaml in `c:\\Users\\ariaa\\beemo-house-next\\dataconnect`\n"}}
[debug] [2025-11-19T19:07:02.950Z] E1119 11:07:02.950679    7240 watch.go:31] Failed to load config from "c:\\Users\\ariaa\\beemo-house-next\\dataconnect": could not find dataconnect.yaml in `c:\Users\ariaa\beemo-house-next\dataconnect`
 {"metadata":{"emulator":{"name":"dataconnect"},"message":"E1119 11:07:02.950679    7240 watch.go:31] Failed to load config from \"c:\\\\Users\\\\ariaa\\\\beemo-house-next\\\\dataconnect\": could not find dataconnect.yaml in `c:\\Users\\ariaa\\beemo-house-next\\dataconnect`\n"}}
[debug] [2025-11-19T19:07:12.950Z] E1119 11:07:12.950154    7240 watch.go:31] Failed to load config from "c:\\Users\\ariaa\\beemo-house-next\\dataconnect": could not find dataconnect.yaml in `c:\Users\ariaa\beemo-house-next\dataconnect`
 {"metadata":{"emulator":{"name":"dataconnect"},"message":"E1119 11:07:12.950154    7240 watch.go:31] Failed to load config from \"c:\\\\Users\\\\ariaa\\\\beemo-house-next\\\\dataconnect\": could not find dataconnect.yaml in `c:\\Users\\ariaa\\beemo-house-next\\dataconnect`\n"}}
[debug] [2025-11-19T19:07:22.952Z] E1119 11:07:22.952028    7240 watch.go:31] Failed to load config from "c:\\Users\\ariaa\\beemo-house-next\\dataconnect": could not find dataconnect.yaml in `c:\Users\ariaa\beemo-house-next\dataconnect`
 {"metadata":{"emulator":{"name":"dataconnect"},"message":"E1119 11:07:22.952028    7240 watch.go:31] Failed to load config from \"c:\\\\Users\\\\ariaa\\\\beemo-house-next\\\\dataconnect\": could not find dataconnect.yaml in `c:\\Users\\ariaa\\beemo-house-next\\dataconnect`\n"}}
[debug] [2025-11-19T19:07:32.950Z] E1119 11:07:32.950891    7240 watch.go:31] Failed to load config from "c:\\Users\\ariaa\\beemo-house-next\\dataconnect": could not find dataconnect.yaml in `c:\Users\ariaa\beemo-house-next\dataconnect`
 {"metadata":{"emulator":{"name":"dataconnect"},"message":"E1119 11:07:32.950891    7240 watch.go:31] Failed to load config from \"c:\\\\Users\\\\ariaa\\\\beemo-house-next\\\\dataconnect\": could not find dataconnect.yaml in `c:\\Users\\ariaa\\beemo-house-next\\dataconnect`\n"}}
[debug] [2025-11-19T19:07:42.951Z] E1119 11:07:42.951267    7240 watch.go:31] Failed to load config from "c:\\Users\\ariaa\\beemo-house-next\\dataconnect": could not find dataconnect.yaml in `c:\Users\ariaa\beemo-house-next\dataconnect`
 {"metadata":{"emulator":{"name":"dataconnect"},"message":"E1119 11:07:42.951267    7240 watch.go:31] Failed to load config from \"c:\\\\Users\\\\ariaa\\\\beemo-house-next\\\\dataconnect\": could not find dataconnect.yaml in `c:\\Users\\ariaa\\beemo-house-next\\dataconnect`\n"}}
[debug] [2025-11-19T19:07:42.952Z] E1119 11:07:42.951267    7240 watch.go:102] watchAllDir unable to walk dir `c:\Users\ariaa\beemo-house-next\dataconnect`: CreateFile c:\Users\ariaa\beemo-house-next\dataconnect: The system cannot find the file specified.
 {"metadata":{"emulator":{"name":"dataconnect"},"message":"E1119 11:07:42.951267    7240 watch.go:102] watchAllDir unable to walk dir `c:\\Users\\ariaa\\beemo-house-next\\dataconnect`: CreateFile c:\\Users\\ariaa\\beemo-house-next\\dataconnect: The system cannot find the file specified.\n"}}
[debug] [2025-11-19T19:07:52.953Z] E1119 11:07:52.953788    7240 watch.go:31] Failed to load config from "c:\\Users\\ariaa\\beemo-house-next\\dataconnect": could not find dataconnect.yaml in `c:\Users\ariaa\beemo-house-next\dataconnect`
 {"metadata":{"emulator":{"name":"dataconnect"},"message":"E1119 11:07:52.953788    7240 watch.go:31] Failed to load config from \"c:\\\\Users\\\\ariaa\\\\beemo-house-next\\\\dataconnect\": could not find dataconnect.yaml in `c:\\Users\\ariaa\\beemo-house-next\\dataconnect`\n"}}
[debug] [2025-11-19T19:08:02.951Z] E1119 11:08:02.951003    7240 watch.go:31] Failed to load config from "c:\\Users\\ariaa\\beemo-house-next\\dataconnect": could not find dataconnect.yaml in `c:\Users\ariaa\beemo-house-next\dataconnect`
 {"metadata":{"emulator":{"name":"dataconnect"},"message":"E1119 11:08:02.951003    7240 watch.go:31] Failed to load config from \"c:\\\\Users\\\\ariaa\\\\beemo-house-next\\\\dataconnect\": could not find dataconnect.yaml in `c:\\Users\\ariaa\\beemo-house-next\\dataconnect`\n"}}
[debug] [2025-11-19T19:08:12.950Z] E1119 11:08:12.950539    7240 watch.go:31] Failed to load config from "c:\\Users\\ariaa\\beemo-house-next\\dataconnect": could not find dataconnect.yaml in `c:\Users\ariaa\beemo-house-next\dataconnect`
 {"metadata":{"emulator":{"name":"dataconnect"},"message":"E1119 11:08:12.950539    7240 watch.go:31] Failed to load config from \"c:\\\\Users\\\\ariaa\\\\beemo-house-next\\\\dataconnect\": could not find dataconnect.yaml in `c:\\Users\\ariaa\\beemo-house-next\\dataconnect`\n"}}
[debug] [2025-11-19T19:08:22.950Z] E1119 11:08:22.949841    7240 watch.go:31] Failed to load config from "c:\\Users\\ariaa\\beemo-house-next\\dataconnect": could not find dataconnect.yaml in `c:\Users\ariaa\beemo-house-next\dataconnect`
 {"metadata":{"emulator":{"name":"dataconnect"},"message":"E1119 11:08:22.949841    7240 watch.go:31] Failed to load config from \"c:\\\\Users\\\\ariaa\\\\beemo-house-next\\\\dataconnect\": could not find dataconnect.yaml in `c:\\Users\\ariaa\\beemo-house-next\\dataconnect`\n"}}
[debug] [2025-11-19T19:08:32.951Z] E1119 11:08:32.951368    7240 watch.go:31] Failed to load config from "c:\\Users\\ariaa\\beemo-house-next\\dataconnect": could not find dataconnect.yaml in `c:\Users\ariaa\beemo-house-next\dataconnect`
 {"metadata":{"emulator":{"name":"dataconnect"},"message":"E1119 11:08:32.951368    7240 watch.go:31] Failed to load config from \"c:\\\\Users\\\\ariaa\\\\beemo-house-next\\\\dataconnect\": could not find dataconnect.yaml in `c:\\Users\\ariaa\\beemo-house-next\\dataconnect`\n"}}
[debug] [2025-11-19T19:08:42.950Z] E1119 11:08:42.950524    7240 watch.go:31] Failed to load config from "c:\\Users\\ariaa\\beemo-house-next\\dataconnect": could not find dataconnect.yaml in `c:\Users\ariaa\beemo-house-next\dataconnect`
 {"metadata":{"emulator":{"name":"dataconnect"},"message":"E1119 11:08:42.950524    7240 watch.go:31] Failed to load config from \"c:\\\\Users\\\\ariaa\\\\beemo-house-next\\\\dataconnect\": could not find dataconnect.yaml in `c:\\Users\\ariaa\\beemo-house-next\\dataconnect`\n"}}
[debug] [2025-11-19T19:08:52.951Z] E1119 11:08:52.950973    7240 watch.go:31] Failed to load config from "c:\\Users\\ariaa\\beemo-house-next\\dataconnect": could not find dataconnect.yaml in `c:\Users\ariaa\beemo-house-next\dataconnect`
 {"metadata":{"emulator":{"name":"dataconnect"},"message":"E1119 11:08:52.950973    7240 watch.go:31] Failed to load config from \"c:\\\\Users\\\\ariaa\\\\beemo-house-next\\\\dataconnect\": could not find dataconnect.yaml in `c:\\Users\\ariaa\\beemo-house-next\\dataconnect`\n"}}
[debug] [2025-11-19T19:09:02.951Z] E1119 11:09:02.950934    7240 watch.go:31] Failed to load config from "c:\\Users\\ariaa\\beemo-house-next\\dataconnect": could not find dataconnect.yaml in `c:\Users\ariaa\beemo-house-next\dataconnect`
 {"metadata":{"emulator":{"name":"dataconnect"},"message":"E1119 11:09:02.950934    7240 watch.go:31] Failed to load config from \"c:\\\\Users\\\\ariaa\\\\beemo-house-next\\\\dataconnect\": could not find dataconnect.yaml in `c:\\Users\\ariaa\\beemo-house-next\\dataconnect`\n"}}
[debug] [2025-11-19T19:09:12.951Z] E1119 11:09:12.949860    7240 watch.go:31] Failed to load config from "c:\\Users\\ariaa\\beemo-house-next\\dataconnect": could not find dataconnect.yaml in `c:\Users\ariaa\beemo-house-next\dataconnect`
 {"metadata":{"emulator":{"name":"dataconnect"},"message":"E1119 11:09:12.949860    7240 watch.go:31] Failed to load config from \"c:\\\\Users\\\\ariaa\\\\beemo-house-next\\\\dataconnect\": could not find dataconnect.yaml in `c:\\Users\\ariaa\\beemo-house-next\\dataconnect`\n"}}
[debug] [2025-11-19T19:09:22.951Z] E1119 11:09:22.950801    7240 watch.go:31] Failed to load config from "c:\\Users\\ariaa\\beemo-house-next\\dataconnect": could not find dataconnect.yaml in `c:\Users\ariaa\beemo-house-next\dataconnect`
 {"metadata":{"emulator":{"name":"dataconnect"},"message":"E1119 11:09:22.950801    7240 watch.go:31] Failed to load config from \"c:\\\\Users\\\\ariaa\\\\beemo-house-next\\\\dataconnect\": could not find dataconnect.yaml in `c:\\Users\\ariaa\\beemo-house-next\\dataconnect`\n"}}
[debug] [2025-11-19T19:09:32.951Z] E1119 11:09:32.951441    7240 watch.go:31] Failed to load config from "c:\\Users\\ariaa\\beemo-house-next\\dataconnect": could not find dataconnect.yaml in `c:\Users\ariaa\beemo-house-next\dataconnect`
 {"metadata":{"emulator":{"name":"dataconnect"},"message":"E1119 11:09:32.951441    7240 watch.go:31] Failed to load config from \"c:\\\\Users\\\\ariaa\\\\beemo-house-next\\\\dataconnect\": could not find dataconnect.yaml in `c:\\Users\\ariaa\\beemo-house-next\\dataconnect`\n"}}
[debug] [2025-11-19T19:09:42.951Z] E1119 11:09:42.950363    7240 watch.go:31] Failed to load config from "c:\\Users\\ariaa\\beemo-house-next\\dataconnect": could not find dataconnect.yaml in `c:\Users\ariaa\beemo-house-next\dataconnect`
 {"metadata":{"emulator":{"name":"dataconnect"},"message":"E1119 11:09:42.950363    7240 watch.go:31] Failed to load config from \"c:\\\\Users\\\\ariaa\\\\beemo-house-next\\\\dataconnect\": could not find dataconnect.yaml in `c:\\Users\\ariaa\\beemo-house-next\\dataconnect`\n"}}
[debug] [2025-11-19T19:09:42.953Z] E1119 11:09:42.951505    7240 watch.go:102] watchAllDir unable to walk dir `c:\Users\ariaa\beemo-house-next\dataconnect`: CreateFile c:\Users\ariaa\beemo-house-next\dataconnect: The system cannot find the file specified.
 {"metadata":{"emulator":{"name":"dataconnect"},"message":"E1119 11:09:42.951505    7240 watch.go:102] watchAllDir unable to walk dir `c:\\Users\\ariaa\\beemo-house-next\\dataconnect`: CreateFile c:\\Users\\ariaa\\beemo-house-next\\dataconnect: The system cannot find the file specified.\n"}}
[debug] [2025-11-19T19:09:52.950Z] E1119 11:09:52.949793    7240 watch.go:31] Failed to load config from "c:\\Users\\ariaa\\beemo-house-next\\dataconnect": could not find dataconnect.yaml in `c:\Users\ariaa\beemo-house-next\dataconnect`
 {"metadata":{"emulator":{"name":"dataconnect"},"message":"E1119 11:09:52.949793    7240 watch.go:31] Failed to load config from \"c:\\\\Users\\\\ariaa\\\\beemo-house-next\\\\dataconnect\": could not find dataconnect.yaml in `c:\\Users\\ariaa\\beemo-house-next\\dataconnect`\n"}}
[debug] [2025-11-19T19:10:02.952Z] E1119 11:10:02.952849    7240 watch.go:31] Failed to load config from "c:\\Users\\ariaa\\beemo-house-next\\dataconnect": could not find dataconnect.yaml in `c:\Users\ariaa\beemo-house-next\dataconnect`
 {"metadata":{"emulator":{"name":"dataconnect"},"message":"E1119 11:10:02.952849    7240 watch.go:31] Failed to load config from \"c:\\\\Users\\\\ariaa\\\\beemo-house-next\\\\dataconnect\": could not find dataconnect.yaml in `c:\\Users\\ariaa\\beemo-house-next\\dataconnect`\n"}}
[debug] [2025-11-19T19:10:12.950Z] E1119 11:10:12.950362    7240 watch.go:31] Failed to load config from "c:\\Users\\ariaa\\beemo-house-next\\dataconnect": could not find dataconnect.yaml in `c:\Users\ariaa\beemo-house-next\dataconnect`
 {"metadata":{"emulator":{"name":"dataconnect"},"message":"E1119 11:10:12.950362    7240 watch.go:31] Failed to load config from \"c:\\\\Users\\\\ariaa\\\\beemo-house-next\\\\dataconnect\": could not find dataconnect.yaml in `c:\\Users\\ariaa\\beemo-house-next\\dataconnect`\n"}}
[debug] [2025-11-19T19:10:22.950Z] E1119 11:10:22.950157    7240 watch.go:31] Failed to load config from "c:\\Users\\ariaa\\beemo-house-next\\dataconnect": could not find dataconnect.yaml in `c:\Users\ariaa\beemo-house-next\dataconnect`
 {"metadata":{"emulator":{"name":"dataconnect"},"message":"E1119 11:10:22.950157    7240 watch.go:31] Failed to load config from \"c:\\\\Users\\\\ariaa\\\\beemo-house-next\\\\dataconnect\": could not find dataconnect.yaml in `c:\\Users\\ariaa\\beemo-house-next\\dataconnect`\n"}}
[debug] [2025-11-19T19:10:32.951Z] E1119 11:10:32.950541    7240 watch.go:31] Failed to load config from "c:\\Users\\ariaa\\beemo-house-next\\dataconnect": could not find dataconnect.yaml in `c:\Users\ariaa\beemo-house-next\dataconnect`
 {"metadata":{"emulator":{"name":"dataconnect"},"message":"E1119 11:10:32.950541    7240 watch.go:31] Failed to load config from \"c:\\\\Users\\\\ariaa\\\\beemo-house-next\\\\dataconnect\": could not find dataconnect.yaml in `c:\\Users\\ariaa\\beemo-house-next\\dataconnect`\n"}}
[debug] [2025-11-19T19:10:42.951Z] E1119 11:10:42.950938    7240 watch.go:31] Failed to load config from "c:\\Users\\ariaa\\beemo-house-next\\dataconnect": could not find dataconnect.yaml in `c:\Users\ariaa\beemo-house-next\dataconnect`
 {"metadata":{"emulator":{"name":"dataconnect"},"message":"E1119 11:10:42.950938    7240 watch.go:31] Failed to load config from \"c:\\\\Users\\\\ariaa\\\\beemo-house-next\\\\dataconnect\": could not find dataconnect.yaml in `c:\\Users\\ariaa\\beemo-house-next\\dataconnect`\n"}}
[debug] [2025-11-19T19:10:52.950Z] E1119 11:10:52.950003    7240 watch.go:31] Failed to load config from "c:\\Users\\ariaa\\beemo-house-next\\dataconnect": could not find dataconnect.yaml in `c:\Users\ariaa\beemo-house-next\dataconnect`
 {"metadata":{"emulator":{"name":"dataconnect"},"message":"E1119 11:10:52.950003    7240 watch.go:31] Failed to load config from \"c:\\\\Users\\\\ariaa\\\\beemo-house-next\\\\dataconnect\": could not find dataconnect.yaml in `c:\\Users\\ariaa\\beemo-house-next\\dataconnect`\n"}}
[debug] [2025-11-19T19:11:02.952Z] E1119 11:11:02.952522    7240 watch.go:31] Failed to load config from "c:\\Users\\ariaa\\beemo-house-next\\dataconnect": could not find dataconnect.yaml in `c:\Users\ariaa\beemo-house-next\dataconnect`
 {"metadata":{"emulator":{"name":"dataconnect"},"message":"E1119 11:11:02.952522    7240 watch.go:31] Failed to load config from \"c:\\\\Users\\\\ariaa\\\\beemo-house-next\\\\dataconnect\": could not find dataconnect.yaml in `c:\\Users\\ariaa\\beemo-house-next\\dataconnect`\n"}}
[debug] [2025-11-19T19:11:12.951Z] E1119 11:11:12.951730    7240 watch.go:31] Failed to load config from "c:\\Users\\ariaa\\beemo-house-next\\dataconnect": could not find dataconnect.yaml in `c:\Users\ariaa\beemo-house-next\dataconnect`
 {"metadata":{"emulator":{"name":"dataconnect"},"message":"E1119 11:11:12.951730    7240 watch.go:31] Failed to load config from \"c:\\\\Users\\\\ariaa\\\\beemo-house-next\\\\dataconnect\": could not find dataconnect.yaml in `c:\\Users\\ariaa\\beemo-house-next\\dataconnect`\n"}}
[debug] [2025-11-19T19:11:22.950Z] E1119 11:11:22.949697    7240 watch.go:31] Failed to load config from "c:\\Users\\ariaa\\beemo-house-next\\dataconnect": could not find dataconnect.yaml in `c:\Users\ariaa\beemo-house-next\dataconnect`
 {"metadata":{"emulator":{"name":"dataconnect"},"message":"E1119 11:11:22.949697    7240 watch.go:31] Failed to load config from \"c:\\\\Users\\\\ariaa\\\\beemo-house-next\\\\dataconnect\": could not find dataconnect.yaml in `c:\\Users\\ariaa\\beemo-house-next\\dataconnect`\n"}}
[debug] [2025-11-19T19:11:32.949Z] E1119 11:11:32.950157    7240 watch.go:31] Failed to load config from "c:\\Users\\ariaa\\beemo-house-next\\dataconnect": could not find dataconnect.yaml in `c:\Users\ariaa\beemo-house-next\dataconnect`
 {"metadata":{"emulator":{"name":"dataconnect"},"message":"E1119 11:11:32.950157    7240 watch.go:31] Failed to load config from \"c:\\\\Users\\\\ariaa\\\\beemo-house-next\\\\dataconnect\": could not find dataconnect.yaml in `c:\\Users\\ariaa\\beemo-house-next\\dataconnect`\n"}}
[debug] [2025-11-19T19:11:42.950Z] E1119 11:11:42.950193    7240 watch.go:31] Failed to load config from "c:\\Users\\ariaa\\beemo-house-next\\dataconnect": could not find dataconnect.yaml in `c:\Users\ariaa\beemo-house-next\dataconnect`
E1119 11:11:42.950193    7240 watch.go:102] watchAllDir unable to walk dir `c:\Users\ariaa\beemo-house-next\dataconnect`: CreateFile c:\Users\ariaa\beemo-house-next\dataconnect: The system cannot find the file specified.
 {"metadata":{"emulator":{"name":"dataconnect"},"message":"E1119 11:11:42.950193    7240 watch.go:31] Failed to load config from \"c:\\\\Users\\\\ariaa\\\\beemo-house-next\\\\dataconnect\": could not find dataconnect.yaml in `c:\\Users\\ariaa\\beemo-house-next\\dataconnect`\nE1119 11:11:42.950193    7240 watch.go:102] watchAllDir unable to walk dir `c:\\Users\\ariaa\\beemo-house-next\\dataconnect`: CreateFile c:\\Users\\ariaa\\beemo-house-next\\dataconnect: The system cannot find the file specified.\n"}}
[debug] [2025-11-19T19:11:52.952Z] E1119 11:11:52.951678    7240 watch.go:31] Failed to load config from "c:\\Users\\ariaa\\beemo-house-next\\dataconnect": could not find dataconnect.yaml in `c:\Users\ariaa\beemo-house-next\dataconnect`
 {"metadata":{"emulator":{"name":"dataconnect"},"message":"E1119 11:11:52.951678    7240 watch.go:31] Failed to load config from \"c:\\\\Users\\\\ariaa\\\\beemo-house-next\\\\dataconnect\": could not find dataconnect.yaml in `c:\\Users\\ariaa\\beemo-house-next\\dataconnect`\n"}}
[debug] [2025-11-19T19:12:02.951Z] E1119 11:12:02.950868    7240 watch.go:31] Failed to load config from "c:\\Users\\ariaa\\beemo-house-next\\dataconnect": could not find dataconnect.yaml in `c:\Users\ariaa\beemo-house-next\dataconnect`
 {"metadata":{"emulator":{"name":"dataconnect"},"message":"E1119 11:12:02.950868    7240 watch.go:31] Failed to load config from \"c:\\\\Users\\\\ariaa\\\\beemo-house-next\\\\dataconnect\": could not find dataconnect.yaml in `c:\\Users\\ariaa\\beemo-house-next\\dataconnect`\n"}}
[debug] [2025-11-19T19:12:12.950Z] E1119 11:12:12.950690    7240 watch.go:31] Failed to load config from "c:\\Users\\ariaa\\beemo-house-next\\dataconnect": could not find dataconnect.yaml in `c:\Users\ariaa\beemo-house-next\dataconnect`
 {"metadata":{"emulator":{"name":"dataconnect"},"message":"E1119 11:12:12.950690    7240 watch.go:31] Failed to load config from \"c:\\\\Users\\\\ariaa\\\\beemo-house-next\\\\dataconnect\": could not find dataconnect.yaml in `c:\\Users\\ariaa\\beemo-house-next\\dataconnect`\n"}}
[debug] [2025-11-19T19:12:22.950Z] E1119 11:12:22.950329    7240 watch.go:31] Failed to load config from "c:\\Users\\ariaa\\beemo-house-next\\dataconnect": could not find dataconnect.yaml in `c:\Users\ariaa\beemo-house-next\dataconnect`
 {"metadata":{"emulator":{"name":"dataconnect"},"message":"E1119 11:12:22.950329    7240 watch.go:31] Failed to load config from \"c:\\\\Users\\\\ariaa\\\\beemo-house-next\\\\dataconnect\": could not find dataconnect.yaml in `c:\\Users\\ariaa\\beemo-house-next\\dataconnect`\n"}}
[debug] [2025-11-19T19:12:32.954Z] E1119 11:12:32.953953    7240 watch.go:31] Failed to load config from "c:\\Users\\ariaa\\beemo-house-next\\dataconnect": could not find dataconnect.yaml in `c:\Users\ariaa\beemo-house-next\dataconnect`
 {"metadata":{"emulator":{"name":"dataconnect"},"message":"E1119 11:12:32.953953    7240 watch.go:31] Failed to load config from \"c:\\\\Users\\\\ariaa\\\\beemo-house-next\\\\dataconnect\": could not find dataconnect.yaml in `c:\\Users\\ariaa\\beemo-house-next\\dataconnect`\n"}}
[debug] [2025-11-19T19:12:42.950Z] E1119 11:12:42.949739    7240 watch.go:31] Failed to load config from "c:\\Users\\ariaa\\beemo-house-next\\dataconnect": could not find dataconnect.yaml in `c:\Users\ariaa\beemo-house-next\dataconnect`
 {"metadata":{"emulator":{"name":"dataconnect"},"message":"E1119 11:12:42.949739    7240 watch.go:31] Failed to load config from \"c:\\\\Users\\\\ariaa\\\\beemo-house-next\\\\dataconnect\": could not find dataconnect.yaml in `c:\\Users\\ariaa\\beemo-house-next\\dataconnect`\n"}}
[debug] [2025-11-19T19:12:52.950Z] E1119 11:12:52.950094    7240 watch.go:31] Failed to load config from "c:\\Users\\ariaa\\beemo-house-next\\dataconnect": could not find dataconnect.yaml in `c:\Users\ariaa\beemo-house-next\dataconnect`
 {"metadata":{"emulator":{"name":"dataconnect"},"message":"E1119 11:12:52.950094    7240 watch.go:31] Failed to load config from \"c:\\\\Users\\\\ariaa\\\\beemo-house-next\\\\dataconnect\": could not find dataconnect.yaml in `c:\\Users\\ariaa\\beemo-house-next\\dataconnect`\n"}}
[debug] [2025-11-19T19:13:02.950Z] E1119 11:13:02.950085    7240 watch.go:31] Failed to load config from "c:\\Users\\ariaa\\beemo-house-next\\dataconnect": could not find dataconnect.yaml in `c:\Users\ariaa\beemo-house-next\dataconnect`
 {"metadata":{"emulator":{"name":"dataconnect"},"message":"E1119 11:13:02.950085    7240 watch.go:31] Failed to load config from \"c:\\\\Users\\\\ariaa\\\\beemo-house-next\\\\dataconnect\": could not find dataconnect.yaml in `c:\\Users\\ariaa\\beemo-house-next\\dataconnect`\n"}}
[debug] [2025-11-19T19:13:12.949Z] E1119 11:13:12.949857    7240 watch.go:31] Failed to load config from "c:\\Users\\ariaa\\beemo-house-next\\dataconnect": could not find dataconnect.yaml in `c:\Users\ariaa\beemo-house-next\dataconnect`
 {"metadata":{"emulator":{"name":"dataconnect"},"message":"E1119 11:13:12.949857    7240 watch.go:31] Failed to load config from \"c:\\\\Users\\\\ariaa\\\\beemo-house-next\\\\dataconnect\": could not find dataconnect.yaml in `c:\\Users\\ariaa\\beemo-house-next\\dataconnect`\n"}}
[debug] [2025-11-19T19:13:22.951Z] E1119 11:13:22.950715    7240 watch.go:31] Failed to load config from "c:\\Users\\ariaa\\beemo-house-next\\dataconnect": could not find dataconnect.yaml in `c:\Users\ariaa\beemo-house-next\dataconnect`
 {"metadata":{"emulator":{"name":"dataconnect"},"message":"E1119 11:13:22.950715    7240 watch.go:31] Failed to load config from \"c:\\\\Users\\\\ariaa\\\\beemo-house-next\\\\dataconnect\": could not find dataconnect.yaml in `c:\\Users\\ariaa\\beemo-house-next\\dataconnect`\n"}}
[debug] [2025-11-19T19:13:32.950Z] E1119 11:13:32.950673    7240 watch.go:31] Failed to load config from "c:\\Users\\ariaa\\beemo-house-next\\dataconnect": could not find dataconnect.yaml in `c:\Users\ariaa\beemo-house-next\dataconnect`
 {"metadata":{"emulator":{"name":"dataconnect"},"message":"E1119 11:13:32.950673    7240 watch.go:31] Failed to load config from \"c:\\\\Users\\\\ariaa\\\\beemo-house-next\\\\dataconnect\": could not find dataconnect.yaml in `c:\\Users\\ariaa\\beemo-house-next\\dataconnect`\n"}}
[debug] [2025-11-19T19:13:42.950Z] E1119 11:13:42.950472    7240 watch.go:31] Failed to load config from "c:\\Users\\ariaa\\beemo-house-next\\dataconnect": could not find dataconnect.yaml in `c:\Users\ariaa\beemo-house-next\dataconnect`
E1119 11:13:42.950472    7240 watch.go:102] watchAllDir unable to walk dir `c:\Users\ariaa\beemo-house-next\dataconnect`: CreateFile c:\Users\ariaa\beemo-house-next\dataconnect: The system cannot find the file specified.
 {"metadata":{"emulator":{"name":"dataconnect"},"message":"E1119 11:13:42.950472    7240 watch.go:31] Failed to load config from \"c:\\\\Users\\\\ariaa\\\\beemo-house-next\\\\dataconnect\": could not find dataconnect.yaml in `c:\\Users\\ariaa\\beemo-house-next\\dataconnect`\nE1119 11:13:42.950472    7240 watch.go:102] watchAllDir unable to walk dir `c:\\Users\\ariaa\\beemo-house-next\\dataconnect`: CreateFile c:\\Users\\ariaa\\beemo-house-next\\dataconnect: The system cannot find the file specified.\n"}}
[debug] [2025-11-19T19:13:52.950Z] E1119 11:13:52.950340    7240 watch.go:31] Failed to load config from "c:\\Users\\ariaa\\beemo-house-next\\dataconnect": could not find dataconnect.yaml in `c:\Users\ariaa\beemo-house-next\dataconnect`
 {"metadata":{"emulator":{"name":"dataconnect"},"message":"E1119 11:13:52.950340    7240 watch.go:31] Failed to load config from \"c:\\\\Users\\\\ariaa\\\\beemo-house-next\\\\dataconnect\": could not find dataconnect.yaml in `c:\\Users\\ariaa\\beemo-house-next\\dataconnect`\n"}}
[debug] [2025-11-19T19:14:02.949Z] E1119 11:14:02.950011    7240 watch.go:31] Failed to load config from "c:\\Users\\ariaa\\beemo-house-next\\dataconnect": could not find dataconnect.yaml in `c:\Users\ariaa\beemo-house-next\dataconnect`
 {"metadata":{"emulator":{"name":"dataconnect"},"message":"E1119 11:14:02.950011    7240 watch.go:31] Failed to load config from \"c:\\\\Users\\\\ariaa\\\\beemo-house-next\\\\dataconnect\": could not find dataconnect.yaml in `c:\\Users\\ariaa\\beemo-house-next\\dataconnect`\n"}}
[debug] [2025-11-19T19:14:12.950Z] E1119 11:14:12.950268    7240 watch.go:31] Failed to load config from "c:\\Users\\ariaa\\beemo-house-next\\dataconnect": could not find dataconnect.yaml in `c:\Users\ariaa\beemo-house-next\dataconnect`
 {"metadata":{"emulator":{"name":"dataconnect"},"message":"E1119 11:14:12.950268    7240 watch.go:31] Failed to load config from \"c:\\\\Users\\\\ariaa\\\\beemo-house-next\\\\dataconnect\": could not find dataconnect.yaml in `c:\\Users\\ariaa\\beemo-house-next\\dataconnect`\n"}}
[debug] [2025-11-19T19:14:22.949Z] E1119 11:14:22.949656    7240 watch.go:31] Failed to load config from "c:\\Users\\ariaa\\beemo-house-next\\dataconnect": could not find dataconnect.yaml in `c:\Users\ariaa\beemo-house-next\dataconnect`
 {"metadata":{"emulator":{"name":"dataconnect"},"message":"E1119 11:14:22.949656    7240 watch.go:31] Failed to load config from \"c:\\\\Users\\\\ariaa\\\\beemo-house-next\\\\dataconnect\": could not find dataconnect.yaml in `c:\\Users\\ariaa\\beemo-house-next\\dataconnect`\n"}}
[debug] [2025-11-19T19:14:32.951Z] E1119 11:14:32.950915    7240 watch.go:31] Failed to load config from "c:\\Users\\ariaa\\beemo-house-next\\dataconnect": could not find dataconnect.yaml in `c:\Users\ariaa\beemo-house-next\dataconnect`
 {"metadata":{"emulator":{"name":"dataconnect"},"message":"E1119 11:14:32.950915    7240 watch.go:31] Failed to load config from \"c:\\\\Users\\\\ariaa\\\\beemo-house-next\\\\dataconnect\": could not find dataconnect.yaml in `c:\\Users\\ariaa\\beemo-house-next\\dataconnect`\n"}}
[debug] [2025-11-19T19:14:42.949Z] E1119 11:14:42.949827    7240 watch.go:31] Failed to load config from "c:\\Users\\ariaa\\beemo-house-next\\dataconnect": could not find dataconnect.yaml in `c:\Users\ariaa\beemo-house-next\dataconnect`
 {"metadata":{"emulator":{"name":"dataconnect"},"message":"E1119 11:14:42.949827    7240 watch.go:31] Failed to load config from \"c:\\\\Users\\\\ariaa\\\\beemo-house-next\\\\dataconnect\": could not find dataconnect.yaml in `c:\\Users\\ariaa\\beemo-house-next\\dataconnect`\n"}}
[debug] [2025-11-19T19:14:52.951Z] E1119 11:14:52.951019    7240 watch.go:31] Failed to load config from "c:\\Users\\ariaa\\beemo-house-next\\dataconnect": could not find dataconnect.yaml in `c:\Users\ariaa\beemo-house-next\dataconnect`
 {"metadata":{"emulator":{"name":"dataconnect"},"message":"E1119 11:14:52.951019    7240 watch.go:31] Failed to load config from \"c:\\\\Users\\\\ariaa\\\\beemo-house-next\\\\dataconnect\": could not find dataconnect.yaml in `c:\\Users\\ariaa\\beemo-house-next\\dataconnect`\n"}}
[debug] [2025-11-19T19:15:02.951Z] E1119 11:15:02.950680    7240 watch.go:31] Failed to load config from "c:\\Users\\ariaa\\beemo-house-next\\dataconnect": could not find dataconnect.yaml in `c:\Users\ariaa\beemo-house-next\dataconnect`
 {"metadata":{"emulator":{"name":"dataconnect"},"message":"E1119 11:15:02.950680    7240 watch.go:31] Failed to load config from \"c:\\\\Users\\\\ariaa\\\\beemo-house-next\\\\dataconnect\": could not find dataconnect.yaml in `c:\\Users\\ariaa\\beemo-house-next\\dataconnect`\n"}}
[debug] [2025-11-19T19:15:12.951Z] E1119 11:15:12.950176    7240 watch.go:31] Failed to load config from "c:\\Users\\ariaa\\beemo-house-next\\dataconnect": could not find dataconnect.yaml in `c:\Users\ariaa\beemo-house-next\dataconnect`
 {"metadata":{"emulator":{"name":"dataconnect"},"message":"E1119 11:15:12.950176    7240 watch.go:31] Failed to load config from \"c:\\\\Users\\\\ariaa\\\\beemo-house-next\\\\dataconnect\": could not find dataconnect.yaml in `c:\\Users\\ariaa\\beemo-house-next\\dataconnect`\n"}}
[debug] [2025-11-19T19:15:22.952Z] E1119 11:15:22.952176    7240 watch.go:31] Failed to load config from "c:\\Users\\ariaa\\beemo-house-next\\dataconnect": could not find dataconnect.yaml in `c:\Users\ariaa\beemo-house-next\dataconnect`
 {"metadata":{"emulator":{"name":"dataconnect"},"message":"E1119 11:15:22.952176    7240 watch.go:31] Failed to load config from \"c:\\\\Users\\\\ariaa\\\\beemo-house-next\\\\dataconnect\": could not find dataconnect.yaml in `c:\\Users\\ariaa\\beemo-house-next\\dataconnect`\n"}}
[debug] [2025-11-19T19:15:32.951Z] E1119 11:15:32.951117    7240 watch.go:31] Failed to load config from "c:\\Users\\ariaa\\beemo-house-next\\dataconnect": could not find dataconnect.yaml in `c:\Users\ariaa\beemo-house-next\dataconnect`
 {"metadata":{"emulator":{"name":"dataconnect"},"message":"E1119 11:15:32.951117    7240 watch.go:31] Failed to load config from \"c:\\\\Users\\\\ariaa\\\\beemo-house-next\\\\dataconnect\": could not find dataconnect.yaml in `c:\\Users\\ariaa\\beemo-house-next\\dataconnect`\n"}}
[debug] [2025-11-19T19:15:42.950Z] E1119 11:15:42.949662    7240 watch.go:31] Failed to load config from "c:\\Users\\ariaa\\beemo-house-next\\dataconnect": could not find dataconnect.yaml in `c:\Users\ariaa\beemo-house-next\dataconnect`
E1119 11:15:42.949662    7240 watch.go:102] watchAllDir unable to walk dir `c:\Users\ariaa\beemo-house-next\dataconnect`: CreateFile c:\Users\ariaa\beemo-house-next\dataconnect: The system cannot find the file specified.
 {"metadata":{"emulator":{"name":"dataconnect"},"message":"E1119 11:15:42.949662    7240 watch.go:31] Failed to load config from \"c:\\\\Users\\\\ariaa\\\\beemo-house-next\\\\dataconnect\": could not find dataconnect.yaml in `c:\\Users\\ariaa\\beemo-house-next\\dataconnect`\nE1119 11:15:42.949662    7240 watch.go:102] watchAllDir unable to walk dir `c:\\Users\\ariaa\\beemo-house-next\\dataconnect`: CreateFile c:\\Users\\ariaa\\beemo-house-next\\dataconnect: The system cannot find the file specified.\n"}}
[debug] [2025-11-19T19:15:52.952Z] E1119 11:15:52.950793    7240 watch.go:31] Failed to load config from "c:\\Users\\ariaa\\beemo-house-next\\dataconnect": could not find dataconnect.yaml in `c:\Users\ariaa\beemo-house-next\dataconnect`
 {"metadata":{"emulator":{"name":"dataconnect"},"message":"E1119 11:15:52.950793    7240 watch.go:31] Failed to load config from \"c:\\\\Users\\\\ariaa\\\\beemo-house-next\\\\dataconnect\": could not find dataconnect.yaml in `c:\\Users\\ariaa\\beemo-house-next\\dataconnect`\n"}}
[debug] [2025-11-19T19:16:02.951Z] E1119 11:16:02.950353    7240 watch.go:31] Failed to load config from "c:\\Users\\ariaa\\beemo-house-next\\dataconnect": could not find dataconnect.yaml in `c:\Users\ariaa\beemo-house-next\dataconnect`
 {"metadata":{"emulator":{"name":"dataconnect"},"message":"E1119 11:16:02.950353    7240 watch.go:31] Failed to load config from \"c:\\\\Users\\\\ariaa\\\\beemo-house-next\\\\dataconnect\": could not find dataconnect.yaml in `c:\\Users\\ariaa\\beemo-house-next\\dataconnect`\n"}}
[debug] [2025-11-19T19:16:12.952Z] E1119 11:16:12.951793    7240 watch.go:31] Failed to load config from "c:\\Users\\ariaa\\beemo-house-next\\dataconnect": could not find dataconnect.yaml in `c:\Users\ariaa\beemo-house-next\dataconnect`
 {"metadata":{"emulator":{"name":"dataconnect"},"message":"E1119 11:16:12.951793    7240 watch.go:31] Failed to load config from \"c:\\\\Users\\\\ariaa\\\\beemo-house-next\\\\dataconnect\": could not find dataconnect.yaml in `c:\\Users\\ariaa\\beemo-house-next\\dataconnect`\n"}}
[debug] [2025-11-19T19:16:22.951Z] E1119 11:16:22.950426    7240 watch.go:31] Failed to load config from "c:\\Users\\ariaa\\beemo-house-next\\dataconnect": could not find dataconnect.yaml in `c:\Users\ariaa\beemo-house-next\dataconnect`
 {"metadata":{"emulator":{"name":"dataconnect"},"message":"E1119 11:16:22.950426    7240 watch.go:31] Failed to load config from \"c:\\\\Users\\\\ariaa\\\\beemo-house-next\\\\dataconnect\": could not find dataconnect.yaml in `c:\\Users\\ariaa\\beemo-house-next\\dataconnect`\n"}}
[debug] [2025-11-19T19:16:32.953Z] E1119 11:16:32.952984    7240 watch.go:31] Failed to load config from "c:\\Users\\ariaa\\beemo-house-next\\dataconnect": could not find dataconnect.yaml in `c:\Users\ariaa\beemo-house-next\dataconnect`
 {"metadata":{"emulator":{"name":"dataconnect"},"message":"E1119 11:16:32.952984    7240 watch.go:31] Failed to load config from \"c:\\\\Users\\\\ariaa\\\\beemo-house-next\\\\dataconnect\": could not find dataconnect.yaml in `c:\\Users\\ariaa\\beemo-house-next\\dataconnect`\n"}}
[debug] [2025-11-19T19:16:42.952Z] E1119 11:16:42.951613    7240 watch.go:31] Failed to load config from "c:\\Users\\ariaa\\beemo-house-next\\dataconnect": could not find dataconnect.yaml in `c:\Users\ariaa\beemo-house-next\dataconnect`
 {"metadata":{"emulator":{"name":"dataconnect"},"message":"E1119 11:16:42.951613    7240 watch.go:31] Failed to load config from \"c:\\\\Users\\\\ariaa\\\\beemo-house-next\\\\dataconnect\": could not find dataconnect.yaml in `c:\\Users\\ariaa\\beemo-house-next\\dataconnect`\n"}}
[debug] [2025-11-19T19:16:52.951Z] E1119 11:16:52.950016    7240 watch.go:31] Failed to load config from "c:\\Users\\ariaa\\beemo-house-next\\dataconnect": could not find dataconnect.yaml in `c:\Users\ariaa\beemo-house-next\dataconnect`
 {"metadata":{"emulator":{"name":"dataconnect"},"message":"E1119 11:16:52.950016    7240 watch.go:31] Failed to load config from \"c:\\\\Users\\\\ariaa\\\\beemo-house-next\\\\dataconnect\": could not find dataconnect.yaml in `c:\\Users\\ariaa\\beemo-house-next\\dataconnect`\n"}}
[debug] [2025-11-19T19:17:02.951Z] E1119 11:17:02.951415    7240 watch.go:31] Failed to load config from "c:\\Users\\ariaa\\beemo-house-next\\dataconnect": could not find dataconnect.yaml in `c:\Users\ariaa\beemo-house-next\dataconnect`
 {"metadata":{"emulator":{"name":"dataconnect"},"message":"E1119 11:17:02.951415    7240 watch.go:31] Failed to load config from \"c:\\\\Users\\\\ariaa\\\\beemo-house-next\\\\dataconnect\": could not find dataconnect.yaml in `c:\\Users\\ariaa\\beemo-house-next\\dataconnect`\n"}}
[debug] [2025-11-19T19:17:12.950Z] E1119 11:17:12.950432    7240 watch.go:31] Failed to load config from "c:\\Users\\ariaa\\beemo-house-next\\dataconnect": could not find dataconnect.yaml in `c:\Users\ariaa\beemo-house-next\dataconnect`
 {"metadata":{"emulator":{"name":"dataconnect"},"message":"E1119 11:17:12.950432    7240 watch.go:31] Failed to load config from \"c:\\\\Users\\\\ariaa\\\\beemo-house-next\\\\dataconnect\": could not find dataconnect.yaml in `c:\\Users\\ariaa\\beemo-house-next\\dataconnect`\n"}}
[debug] [2025-11-19T19:17:22.951Z] E1119 11:17:22.950455    7240 watch.go:31] Failed to load config from "c:\\Users\\ariaa\\beemo-house-next\\dataconnect": could not find dataconnect.yaml in `c:\Users\ariaa\beemo-house-next\dataconnect`
 {"metadata":{"emulator":{"name":"dataconnect"},"message":"E1119 11:17:22.950455    7240 watch.go:31] Failed to load config from \"c:\\\\Users\\\\ariaa\\\\beemo-house-next\\\\dataconnect\": could not find dataconnect.yaml in `c:\\Users\\ariaa\\beemo-house-next\\dataconnect`\n"}}
[debug] [2025-11-19T19:17:32.950Z] E1119 11:17:32.950901    7240 watch.go:31] Failed to load config from "c:\\Users\\ariaa\\beemo-house-next\\dataconnect": could not find dataconnect.yaml in `c:\Users\ariaa\beemo-house-next\dataconnect`
 {"metadata":{"emulator":{"name":"dataconnect"},"message":"E1119 11:17:32.950901    7240 watch.go:31] Failed to load config from \"c:\\\\Users\\\\ariaa\\\\beemo-house-next\\\\dataconnect\": could not find dataconnect.yaml in `c:\\Users\\ariaa\\beemo-house-next\\dataconnect`\n"}}
[debug] [2025-11-19T19:17:42.950Z] E1119 11:17:42.950346    7240 watch.go:31] Failed to load config from "c:\\Users\\ariaa\\beemo-house-next\\dataconnect": could not find dataconnect.yaml in `c:\Users\ariaa\beemo-house-next\dataconnect`
 {"metadata":{"emulator":{"name":"dataconnect"},"message":"E1119 11:17:42.950346    7240 watch.go:31] Failed to load config from \"c:\\\\Users\\\\ariaa\\\\beemo-house-next\\\\dataconnect\": could not find dataconnect.yaml in `c:\\Users\\ariaa\\beemo-house-next\\dataconnect`\n"}}
[debug] [2025-11-19T19:17:42.952Z] E1119 11:17:42.950346    7240 watch.go:102] watchAllDir unable to walk dir `c:\Users\ariaa\beemo-house-next\dataconnect`: CreateFile c:\Users\ariaa\beemo-house-next\dataconnect: The system cannot find the file specified.
 {"metadata":{"emulator":{"name":"dataconnect"},"message":"E1119 11:17:42.950346    7240 watch.go:102] watchAllDir unable to walk dir `c:\\Users\\ariaa\\beemo-house-next\\dataconnect`: CreateFile c:\\Users\\ariaa\\beemo-house-next\\dataconnect: The system cannot find the file specified.\n"}}
[debug] [2025-11-19T19:17:52.951Z] E1119 11:17:52.951188    7240 watch.go:31] Failed to load config from "c:\\Users\\ariaa\\beemo-house-next\\dataconnect": could not find dataconnect.yaml in `c:\Users\ariaa\beemo-house-next\dataconnect`
 {"metadata":{"emulator":{"name":"dataconnect"},"message":"E1119 11:17:52.951188    7240 watch.go:31] Failed to load config from \"c:\\\\Users\\\\ariaa\\\\beemo-house-next\\\\dataconnect\": could not find dataconnect.yaml in `c:\\Users\\ariaa\\beemo-house-next\\dataconnect`\n"}}
[debug] [2025-11-19T19:18:02.950Z] E1119 11:18:02.950259    7240 watch.go:31] Failed to load config from "c:\\Users\\ariaa\\beemo-house-next\\dataconnect": could not find dataconnect.yaml in `c:\Users\ariaa\beemo-house-next\dataconnect`
 {"metadata":{"emulator":{"name":"dataconnect"},"message":"E1119 11:18:02.950259    7240 watch.go:31] Failed to load config from \"c:\\\\Users\\\\ariaa\\\\beemo-house-next\\\\dataconnect\": could not find dataconnect.yaml in `c:\\Users\\ariaa\\beemo-house-next\\dataconnect`\n"}}
[debug] [2025-11-19T19:18:12.951Z] E1119 11:18:12.950344    7240 watch.go:31] Failed to load config from "c:\\Users\\ariaa\\beemo-house-next\\dataconnect": could not find dataconnect.yaml in `c:\Users\ariaa\beemo-house-next\dataconnect`
 {"metadata":{"emulator":{"name":"dataconnect"},"message":"E1119 11:18:12.950344    7240 watch.go:31] Failed to load config from \"c:\\\\Users\\\\ariaa\\\\beemo-house-next\\\\dataconnect\": could not find dataconnect.yaml in `c:\\Users\\ariaa\\beemo-house-next\\dataconnect`\n"}}
[debug] [2025-11-19T19:18:22.951Z] E1119 11:18:22.951343    7240 watch.go:31] Failed to load config from "c:\\Users\\ariaa\\beemo-house-next\\dataconnect": could not find dataconnect.yaml in `c:\Users\ariaa\beemo-house-next\dataconnect`
 {"metadata":{"emulator":{"name":"dataconnect"},"message":"E1119 11:18:22.951343    7240 watch.go:31] Failed to load config from \"c:\\\\Users\\\\ariaa\\\\beemo-house-next\\\\dataconnect\": could not find dataconnect.yaml in `c:\\Users\\ariaa\\beemo-house-next\\dataconnect`\n"}}
[debug] [2025-11-19T19:18:32.950Z] E1119 11:18:32.949925    7240 watch.go:31] Failed to load config from "c:\\Users\\ariaa\\beemo-house-next\\dataconnect": could not find dataconnect.yaml in `c:\Users\ariaa\beemo-house-next\dataconnect`
 {"metadata":{"emulator":{"name":"dataconnect"},"message":"E1119 11:18:32.949925    7240 watch.go:31] Failed to load config from \"c:\\\\Users\\\\ariaa\\\\beemo-house-next\\\\dataconnect\": could not find dataconnect.yaml in `c:\\Users\\ariaa\\beemo-house-next\\dataconnect`\n"}}
[debug] [2025-11-19T19:18:42.951Z] E1119 11:18:42.950596    7240 watch.go:31] Failed to load config from "c:\\Users\\ariaa\\beemo-house-next\\dataconnect": could not find dataconnect.yaml in `c:\Users\ariaa\beemo-house-next\dataconnect`
 {"metadata":{"emulator":{"name":"dataconnect"},"message":"E1119 11:18:42.950596    7240 watch.go:31] Failed to load config from \"c:\\\\Users\\\\ariaa\\\\beemo-house-next\\\\dataconnect\": could not find dataconnect.yaml in `c:\\Users\\ariaa\\beemo-house-next\\dataconnect`\n"}}
[debug] [2025-11-19T19:18:52.950Z] E1119 11:18:52.949863    7240 watch.go:31] Failed to load config from "c:\\Users\\ariaa\\beemo-house-next\\dataconnect": could not find dataconnect.yaml in `c:\Users\ariaa\beemo-house-next\dataconnect`
 {"metadata":{"emulator":{"name":"dataconnect"},"message":"E1119 11:18:52.949863    7240 watch.go:31] Failed to load config from \"c:\\\\Users\\\\ariaa\\\\beemo-house-next\\\\dataconnect\": could not find dataconnect.yaml in `c:\\Users\\ariaa\\beemo-house-next\\dataconnect`\n"}}
[debug] [2025-11-19T19:19:02.951Z] E1119 11:19:02.950521    7240 watch.go:31] Failed to load config from "c:\\Users\\ariaa\\beemo-house-next\\dataconnect": could not find dataconnect.yaml in `c:\Users\ariaa\beemo-house-next\dataconnect`
 {"metadata":{"emulator":{"name":"dataconnect"},"message":"E1119 11:19:02.950521    7240 watch.go:31] Failed to load config from \"c:\\\\Users\\\\ariaa\\\\beemo-house-next\\\\dataconnect\": could not find dataconnect.yaml in `c:\\Users\\ariaa\\beemo-house-next\\dataconnect`\n"}}
[debug] [2025-11-19T19:19:12.951Z] E1119 11:19:12.950430    7240 watch.go:31] Failed to load config from "c:\\Users\\ariaa\\beemo-house-next\\dataconnect": could not find dataconnect.yaml in `c:\Users\ariaa\beemo-house-next\dataconnect`
 {"metadata":{"emulator":{"name":"dataconnect"},"message":"E1119 11:19:12.950430    7240 watch.go:31] Failed to load config from \"c:\\\\Users\\\\ariaa\\\\beemo-house-next\\\\dataconnect\": could not find dataconnect.yaml in `c:\\Users\\ariaa\\beemo-house-next\\dataconnect`\n"}}
[debug] [2025-11-19T19:19:22.950Z] E1119 11:19:22.949924    7240 watch.go:31] Failed to load config from "c:\\Users\\ariaa\\beemo-house-next\\dataconnect": could not find dataconnect.yaml in `c:\Users\ariaa\beemo-house-next\dataconnect`
 {"metadata":{"emulator":{"name":"dataconnect"},"message":"E1119 11:19:22.949924    7240 watch.go:31] Failed to load config from \"c:\\\\Users\\\\ariaa\\\\beemo-house-next\\\\dataconnect\": could not find dataconnect.yaml in `c:\\Users\\ariaa\\beemo-house-next\\dataconnect`\n"}}
[debug] [2025-11-19T19:19:32.950Z] E1119 11:19:32.949677    7240 watch.go:31] Failed to load config from "c:\\Users\\ariaa\\beemo-house-next\\dataconnect": could not find dataconnect.yaml in `c:\Users\ariaa\beemo-house-next\dataconnect`
 {"metadata":{"emulator":{"name":"dataconnect"},"message":"E1119 11:19:32.949677    7240 watch.go:31] Failed to load config from \"c:\\\\Users\\\\ariaa\\\\beemo-house-next\\\\dataconnect\": could not find dataconnect.yaml in `c:\\Users\\ariaa\\beemo-house-next\\dataconnect`\n"}}
[debug] [2025-11-19T19:19:42.952Z] E1119 11:19:42.951177    7240 watch.go:31] Failed to load config from "c:\\Users\\ariaa\\beemo-house-next\\dataconnect": could not find dataconnect.yaml in `c:\Users\ariaa\beemo-house-next\dataconnect`
 {"metadata":{"emulator":{"name":"dataconnect"},"message":"E1119 11:19:42.951177    7240 watch.go:31] Failed to load config from \"c:\\\\Users\\\\ariaa\\\\beemo-house-next\\\\dataconnect\": could not find dataconnect.yaml in `c:\\Users\\ariaa\\beemo-house-next\\dataconnect`\n"}}
[debug] [2025-11-19T19:19:42.954Z] E1119 11:19:42.953745    7240 watch.go:102] watchAllDir unable to walk dir `c:\Users\ariaa\beemo-house-next\dataconnect`: CreateFile c:\Users\ariaa\beemo-house-next\dataconnect: The system cannot find the file specified.
 {"metadata":{"emulator":{"name":"dataconnect"},"message":"E1119 11:19:42.953745    7240 watch.go:102] watchAllDir unable to walk dir `c:\\Users\\ariaa\\beemo-house-next\\dataconnect`: CreateFile c:\\Users\\ariaa\\beemo-house-next\\dataconnect: The system cannot find the file specified.\n"}}
[debug] [2025-11-19T19:19:52.951Z] E1119 11:19:52.950698    7240 watch.go:31] Failed to load config from "c:\\Users\\ariaa\\beemo-house-next\\dataconnect": could not find dataconnect.yaml in `c:\Users\ariaa\beemo-house-next\dataconnect`
 {"metadata":{"emulator":{"name":"dataconnect"},"message":"E1119 11:19:52.950698    7240 watch.go:31] Failed to load config from \"c:\\\\Users\\\\ariaa\\\\beemo-house-next\\\\dataconnect\": could not find dataconnect.yaml in `c:\\Users\\ariaa\\beemo-house-next\\dataconnect`\n"}}
[debug] [2025-11-19T19:20:02.952Z] E1119 11:20:02.951575    7240 watch.go:31] Failed to load config from "c:\\Users\\ariaa\\beemo-house-next\\dataconnect": could not find dataconnect.yaml in `c:\Users\ariaa\beemo-house-next\dataconnect`
 {"metadata":{"emulator":{"name":"dataconnect"},"message":"E1119 11:20:02.951575    7240 watch.go:31] Failed to load config from \"c:\\\\Users\\\\ariaa\\\\beemo-house-next\\\\dataconnect\": could not find dataconnect.yaml in `c:\\Users\\ariaa\\beemo-house-next\\dataconnect`\n"}}
[debug] [2025-11-19T19:20:12.949Z] E1119 11:20:12.949815    7240 watch.go:31] Failed to load config from "c:\\Users\\ariaa\\beemo-house-next\\dataconnect": could not find dataconnect.yaml in `c:\Users\ariaa\beemo-house-next\dataconnect`
 {"metadata":{"emulator":{"name":"dataconnect"},"message":"E1119 11:20:12.949815    7240 watch.go:31] Failed to load config from \"c:\\\\Users\\\\ariaa\\\\beemo-house-next\\\\dataconnect\": could not find dataconnect.yaml in `c:\\Users\\ariaa\\beemo-house-next\\dataconnect`\n"}}
[debug] [2025-11-19T19:20:22.950Z] E1119 11:20:22.950600    7240 watch.go:31] Failed to load config from "c:\\Users\\ariaa\\beemo-house-next\\dataconnect": could not find dataconnect.yaml in `c:\Users\ariaa\beemo-house-next\dataconnect`
 {"metadata":{"emulator":{"name":"dataconnect"},"message":"E1119 11:20:22.950600    7240 watch.go:31] Failed to load config from \"c:\\\\Users\\\\ariaa\\\\beemo-house-next\\\\dataconnect\": could not find dataconnect.yaml in `c:\\Users\\ariaa\\beemo-house-next\\dataconnect`\n"}}
[debug] [2025-11-19T19:20:32.951Z] E1119 11:20:32.950812    7240 watch.go:31] Failed to load config from "c:\\Users\\ariaa\\beemo-house-next\\dataconnect": could not find dataconnect.yaml in `c:\Users\ariaa\beemo-house-next\dataconnect`
 {"metadata":{"emulator":{"name":"dataconnect"},"message":"E1119 11:20:32.950812    7240 watch.go:31] Failed to load config from \"c:\\\\Users\\\\ariaa\\\\beemo-house-next\\\\dataconnect\": could not find dataconnect.yaml in `c:\\Users\\ariaa\\beemo-house-next\\dataconnect`\n"}}
[debug] [2025-11-19T19:20:42.954Z] E1119 11:20:42.954445    7240 watch.go:31] Failed to load config from "c:\\Users\\ariaa\\beemo-house-next\\dataconnect": could not find dataconnect.yaml in `c:\Users\ariaa\beemo-house-next\dataconnect`
 {"metadata":{"emulator":{"name":"dataconnect"},"message":"E1119 11:20:42.954445    7240 watch.go:31] Failed to load config from \"c:\\\\Users\\\\ariaa\\\\beemo-house-next\\\\dataconnect\": could not find dataconnect.yaml in `c:\\Users\\ariaa\\beemo-house-next\\dataconnect`\n"}}
[debug] [2025-11-19T19:20:52.952Z] E1119 11:20:52.951266    7240 watch.go:31] Failed to load config from "c:\\Users\\ariaa\\beemo-house-next\\dataconnect": could not find dataconnect.yaml in `c:\Users\ariaa\beemo-house-next\dataconnect`
 {"metadata":{"emulator":{"name":"dataconnect"},"message":"E1119 11:20:52.951266    7240 watch.go:31] Failed to load config from \"c:\\\\Users\\\\ariaa\\\\beemo-house-next\\\\dataconnect\": could not find dataconnect.yaml in `c:\\Users\\ariaa\\beemo-house-next\\dataconnect`\n"}}
[debug] [2025-11-19T19:21:02.951Z] E1119 11:21:02.950605    7240 watch.go:31] Failed to load config from "c:\\Users\\ariaa\\beemo-house-next\\dataconnect": could not find dataconnect.yaml in `c:\Users\ariaa\beemo-house-next\dataconnect`
 {"metadata":{"emulator":{"name":"dataconnect"},"message":"E1119 11:21:02.950605    7240 watch.go:31] Failed to load config from \"c:\\\\Users\\\\ariaa\\\\beemo-house-next\\\\dataconnect\": could not find dataconnect.yaml in `c:\\Users\\ariaa\\beemo-house-next\\dataconnect`\n"}}
[debug] [2025-11-19T19:21:12.950Z] E1119 11:21:12.950859    7240 watch.go:31] Failed to load config from "c:\\Users\\ariaa\\beemo-house-next\\dataconnect": could not find dataconnect.yaml in `c:\Users\ariaa\beemo-house-next\dataconnect`
 {"metadata":{"emulator":{"name":"dataconnect"},"message":"E1119 11:21:12.950859    7240 watch.go:31] Failed to load config from \"c:\\\\Users\\\\ariaa\\\\beemo-house-next\\\\dataconnect\": could not find dataconnect.yaml in `c:\\Users\\ariaa\\beemo-house-next\\dataconnect`\n"}}
[debug] [2025-11-19T19:21:22.950Z] E1119 11:21:22.950400    7240 watch.go:31] Failed to load config from "c:\\Users\\ariaa\\beemo-house-next\\dataconnect": could not find dataconnect.yaml in `c:\Users\ariaa\beemo-house-next\dataconnect`
 {"metadata":{"emulator":{"name":"dataconnect"},"message":"E1119 11:21:22.950400    7240 watch.go:31] Failed to load config from \"c:\\\\Users\\\\ariaa\\\\beemo-house-next\\\\dataconnect\": could not find dataconnect.yaml in `c:\\Users\\ariaa\\beemo-house-next\\dataconnect`\n"}}
[debug] [2025-11-19T19:21:32.951Z] E1119 11:21:32.951262    7240 watch.go:31] Failed to load config from "c:\\Users\\ariaa\\beemo-house-next\\dataconnect": could not find dataconnect.yaml in `c:\Users\ariaa\beemo-house-next\dataconnect`
 {"metadata":{"emulator":{"name":"dataconnect"},"message":"E1119 11:21:32.951262    7240 watch.go:31] Failed to load config from \"c:\\\\Users\\\\ariaa\\\\beemo-house-next\\\\dataconnect\": could not find dataconnect.yaml in `c:\\Users\\ariaa\\beemo-house-next\\dataconnect`\n"}}
[debug] [2025-11-19T19:21:42.950Z] E1119 11:21:42.949887    7240 watch.go:31] Failed to load config from "c:\\Users\\ariaa\\beemo-house-next\\dataconnect": could not find dataconnect.yaml in `c:\Users\ariaa\beemo-house-next\dataconnect`
E1119 11:21:42.950393    7240 watch.go:102] watchAllDir unable to walk dir `c:\Users\ariaa\beemo-house-next\dataconnect`: CreateFile c:\Users\ariaa\beemo-house-next\dataconnect: The system cannot find the file specified.
 {"metadata":{"emulator":{"name":"dataconnect"},"message":"E1119 11:21:42.949887    7240 watch.go:31] Failed to load config from \"c:\\\\Users\\\\ariaa\\\\beemo-house-next\\\\dataconnect\": could not find dataconnect.yaml in `c:\\Users\\ariaa\\beemo-house-next\\dataconnect`\nE1119 11:21:42.950393    7240 watch.go:102] watchAllDir unable to walk dir `c:\\Users\\ariaa\\beemo-house-next\\dataconnect`: CreateFile c:\\Users\\ariaa\\beemo-house-next\\dataconnect: The system cannot find the file specified.\n"}}
[debug] [2025-11-19T19:21:52.951Z] E1119 11:21:52.951723    7240 watch.go:31] Failed to load config from "c:\\Users\\ariaa\\beemo-house-next\\dataconnect": could not find dataconnect.yaml in `c:\Users\ariaa\beemo-house-next\dataconnect`
 {"metadata":{"emulator":{"name":"dataconnect"},"message":"E1119 11:21:52.951723    7240 watch.go:31] Failed to load config from \"c:\\\\Users\\\\ariaa\\\\beemo-house-next\\\\dataconnect\": could not find dataconnect.yaml in `c:\\Users\\ariaa\\beemo-house-next\\dataconnect`\n"}}
[debug] [2025-11-19T19:22:02.950Z] E1119 11:22:02.950723    7240 watch.go:31] Failed to load config from "c:\\Users\\ariaa\\beemo-house-next\\dataconnect": could not find dataconnect.yaml in `c:\Users\ariaa\beemo-house-next\dataconnect`
 {"metadata":{"emulator":{"name":"dataconnect"},"message":"E1119 11:22:02.950723    7240 watch.go:31] Failed to load config from \"c:\\\\Users\\\\ariaa\\\\beemo-house-next\\\\dataconnect\": could not find dataconnect.yaml in `c:\\Users\\ariaa\\beemo-house-next\\dataconnect`\n"}}
[debug] [2025-11-19T19:22:12.951Z] E1119 11:22:12.951031    7240 watch.go:31] Failed to load config from "c:\\Users\\ariaa\\beemo-house-next\\dataconnect": could not find dataconnect.yaml in `c:\Users\ariaa\beemo-house-next\dataconnect`
 {"metadata":{"emulator":{"name":"dataconnect"},"message":"E1119 11:22:12.951031    7240 watch.go:31] Failed to load config from \"c:\\\\Users\\\\ariaa\\\\beemo-house-next\\\\dataconnect\": could not find dataconnect.yaml in `c:\\Users\\ariaa\\beemo-house-next\\dataconnect`\n"}}
[debug] [2025-11-19T19:22:22.950Z] E1119 11:22:22.950385    7240 watch.go:31] Failed to load config from "c:\\Users\\ariaa\\beemo-house-next\\dataconnect": could not find dataconnect.yaml in `c:\Users\ariaa\beemo-house-next\dataconnect`
 {"metadata":{"emulator":{"name":"dataconnect"},"message":"E1119 11:22:22.950385    7240 watch.go:31] Failed to load config from \"c:\\\\Users\\\\ariaa\\\\beemo-house-next\\\\dataconnect\": could not find dataconnect.yaml in `c:\\Users\\ariaa\\beemo-house-next\\dataconnect`\n"}}
[debug] [2025-11-19T19:22:32.951Z] E1119 11:22:32.951610    7240 watch.go:31] Failed to load config from "c:\\Users\\ariaa\\beemo-house-next\\dataconnect": could not find dataconnect.yaml in `c:\Users\ariaa\beemo-house-next\dataconnect`
 {"metadata":{"emulator":{"name":"dataconnect"},"message":"E1119 11:22:32.951610    7240 watch.go:31] Failed to load config from \"c:\\\\Users\\\\ariaa\\\\beemo-house-next\\\\dataconnect\": could not find dataconnect.yaml in `c:\\Users\\ariaa\\beemo-house-next\\dataconnect`\n"}}
[debug] [2025-11-19T19:22:42.950Z] E1119 11:22:42.950711    7240 watch.go:31] Failed to load config from "c:\\Users\\ariaa\\beemo-house-next\\dataconnect": could not find dataconnect.yaml in `c:\Users\ariaa\beemo-house-next\dataconnect`
 {"metadata":{"emulator":{"name":"dataconnect"},"message":"E1119 11:22:42.950711    7240 watch.go:31] Failed to load config from \"c:\\\\Users\\\\ariaa\\\\beemo-house-next\\\\dataconnect\": could not find dataconnect.yaml in `c:\\Users\\ariaa\\beemo-house-next\\dataconnect`\n"}}
[debug] [2025-11-19T19:22:52.951Z] E1119 11:22:52.951047    7240 watch.go:31] Failed to load config from "c:\\Users\\ariaa\\beemo-house-next\\dataconnect": could not find dataconnect.yaml in `c:\Users\ariaa\beemo-house-next\dataconnect`
 {"metadata":{"emulator":{"name":"dataconnect"},"message":"E1119 11:22:52.951047    7240 watch.go:31] Failed to load config from \"c:\\\\Users\\\\ariaa\\\\beemo-house-next\\\\dataconnect\": could not find dataconnect.yaml in `c:\\Users\\ariaa\\beemo-house-next\\dataconnect`\n"}}
[debug] [2025-11-19T19:23:02.952Z] E1119 11:23:02.951613    7240 watch.go:31] Failed to load config from "c:\\Users\\ariaa\\beemo-house-next\\dataconnect": could not find dataconnect.yaml in `c:\Users\ariaa\beemo-house-next\dataconnect`
 {"metadata":{"emulator":{"name":"dataconnect"},"message":"E1119 11:23:02.951613    7240 watch.go:31] Failed to load config from \"c:\\\\Users\\\\ariaa\\\\beemo-house-next\\\\dataconnect\": could not find dataconnect.yaml in `c:\\Users\\ariaa\\beemo-house-next\\dataconnect`\n"}}
[debug] [2025-11-19T19:23:12.951Z] E1119 11:23:12.950593    7240 watch.go:31] Failed to load config from "c:\\Users\\ariaa\\beemo-house-next\\dataconnect": could not find dataconnect.yaml in `c:\Users\ariaa\beemo-house-next\dataconnect`
 {"metadata":{"emulator":{"name":"dataconnect"},"message":"E1119 11:23:12.950593    7240 watch.go:31] Failed to load config from \"c:\\\\Users\\\\ariaa\\\\beemo-house-next\\\\dataconnect\": could not find dataconnect.yaml in `c:\\Users\\ariaa\\beemo-house-next\\dataconnect`\n"}}
[debug] [2025-11-19T19:23:22.950Z] E1119 11:23:22.950076    7240 watch.go:31] Failed to load config from "c:\\Users\\ariaa\\beemo-house-next\\dataconnect": could not find dataconnect.yaml in `c:\Users\ariaa\beemo-house-next\dataconnect`
 {"metadata":{"emulator":{"name":"dataconnect"},"message":"E1119 11:23:22.950076    7240 watch.go:31] Failed to load config from \"c:\\\\Users\\\\ariaa\\\\beemo-house-next\\\\dataconnect\": could not find dataconnect.yaml in `c:\\Users\\ariaa\\beemo-house-next\\dataconnect`\n"}}
[debug] [2025-11-19T19:23:32.950Z] E1119 11:23:32.950888    7240 watch.go:31] Failed to load config from "c:\\Users\\ariaa\\beemo-house-next\\dataconnect": could not find dataconnect.yaml in `c:\Users\ariaa\beemo-house-next\dataconnect`
 {"metadata":{"emulator":{"name":"dataconnect"},"message":"E1119 11:23:32.950888    7240 watch.go:31] Failed to load config from \"c:\\\\Users\\\\ariaa\\\\beemo-house-next\\\\dataconnect\": could not find dataconnect.yaml in `c:\\Users\\ariaa\\beemo-house-next\\dataconnect`\n"}}
[debug] [2025-11-19T19:23:42.949Z] E1119 11:23:42.949882    7240 watch.go:31] Failed to load config from "c:\\Users\\ariaa\\beemo-house-next\\dataconnect": could not find dataconnect.yaml in `c:\Users\ariaa\beemo-house-next\dataconnect`
E1119 11:23:42.949882    7240 watch.go:102] watchAllDir unable to walk dir `c:\Users\ariaa\beemo-house-next\dataconnect`: CreateFile c:\Users\ariaa\beemo-house-next\dataconnect: The system cannot find the file specified.
 {"metadata":{"emulator":{"name":"dataconnect"},"message":"E1119 11:23:42.949882    7240 watch.go:31] Failed to load config from \"c:\\\\Users\\\\ariaa\\\\beemo-house-next\\\\dataconnect\": could not find dataconnect.yaml in `c:\\Users\\ariaa\\beemo-house-next\\dataconnect`\nE1119 11:23:42.949882    7240 watch.go:102] watchAllDir unable to walk dir `c:\\Users\\ariaa\\beemo-house-next\\dataconnect`: CreateFile c:\\Users\\ariaa\\beemo-house-next\\dataconnect: The system cannot find the file specified.\n"}}
[debug] [2025-11-19T19:23:52.950Z] E1119 11:23:52.949992    7240 watch.go:31] Failed to load config from "c:\\Users\\ariaa\\beemo-house-next\\dataconnect": could not find dataconnect.yaml in `c:\Users\ariaa\beemo-house-next\dataconnect`
 {"metadata":{"emulator":{"name":"dataconnect"},"message":"E1119 11:23:52.949992    7240 watch.go:31] Failed to load config from \"c:\\\\Users\\\\ariaa\\\\beemo-house-next\\\\dataconnect\": could not find dataconnect.yaml in `c:\\Users\\ariaa\\beemo-house-next\\dataconnect`\n"}}
[debug] [2025-11-19T19:24:02.950Z] E1119 11:24:02.949889    7240 watch.go:31] Failed to load config from "c:\\Users\\ariaa\\beemo-house-next\\dataconnect": could not find dataconnect.yaml in `c:\Users\ariaa\beemo-house-next\dataconnect`
 {"metadata":{"emulator":{"name":"dataconnect"},"message":"E1119 11:24:02.949889    7240 watch.go:31] Failed to load config from \"c:\\\\Users\\\\ariaa\\\\beemo-house-next\\\\dataconnect\": could not find dataconnect.yaml in `c:\\Users\\ariaa\\beemo-house-next\\dataconnect`\n"}}
[debug] [2025-11-19T19:24:12.952Z] E1119 11:24:12.951773    7240 watch.go:31] Failed to load config from "c:\\Users\\ariaa\\beemo-house-next\\dataconnect": could not find dataconnect.yaml in `c:\Users\ariaa\beemo-house-next\dataconnect`
 {"metadata":{"emulator":{"name":"dataconnect"},"message":"E1119 11:24:12.951773    7240 watch.go:31] Failed to load config from \"c:\\\\Users\\\\ariaa\\\\beemo-house-next\\\\dataconnect\": could not find dataconnect.yaml in `c:\\Users\\ariaa\\beemo-house-next\\dataconnect`\n"}}
[debug] [2025-11-19T19:24:22.951Z] E1119 11:24:22.950214    7240 watch.go:31] Failed to load config from "c:\\Users\\ariaa\\beemo-house-next\\dataconnect": could not find dataconnect.yaml in `c:\Users\ariaa\beemo-house-next\dataconnect`
 {"metadata":{"emulator":{"name":"dataconnect"},"message":"E1119 11:24:22.950214    7240 watch.go:31] Failed to load config from \"c:\\\\Users\\\\ariaa\\\\beemo-house-next\\\\dataconnect\": could not find dataconnect.yaml in `c:\\Users\\ariaa\\beemo-house-next\\dataconnect`\n"}}
[debug] [2025-11-19T19:24:32.951Z] E1119 11:24:32.951044    7240 watch.go:31] Failed to load config from "c:\\Users\\ariaa\\beemo-house-next\\dataconnect": could not find dataconnect.yaml in `c:\Users\ariaa\beemo-house-next\dataconnect`
 {"metadata":{"emulator":{"name":"dataconnect"},"message":"E1119 11:24:32.951044    7240 watch.go:31] Failed to load config from \"c:\\\\Users\\\\ariaa\\\\beemo-house-next\\\\dataconnect\": could not find dataconnect.yaml in `c:\\Users\\ariaa\\beemo-house-next\\dataconnect`\n"}}
[debug] [2025-11-19T19:24:42.951Z] E1119 11:24:42.950969    7240 watch.go:31] Failed to load config from "c:\\Users\\ariaa\\beemo-house-next\\dataconnect": could not find dataconnect.yaml in `c:\Users\ariaa\beemo-house-next\dataconnect`
 {"metadata":{"emulator":{"name":"dataconnect"},"message":"E1119 11:24:42.950969    7240 watch.go:31] Failed to load config from \"c:\\\\Users\\\\ariaa\\\\beemo-house-next\\\\dataconnect\": could not find dataconnect.yaml in `c:\\Users\\ariaa\\beemo-house-next\\dataconnect`\n"}}
[debug] [2025-11-19T19:24:52.951Z] E1119 11:24:52.951269    7240 watch.go:31] Failed to load config from "c:\\Users\\ariaa\\beemo-house-next\\dataconnect": could not find dataconnect.yaml in `c:\Users\ariaa\beemo-house-next\dataconnect`
 {"metadata":{"emulator":{"name":"dataconnect"},"message":"E1119 11:24:52.951269    7240 watch.go:31] Failed to load config from \"c:\\\\Users\\\\ariaa\\\\beemo-house-next\\\\dataconnect\": could not find dataconnect.yaml in `c:\\Users\\ariaa\\beemo-house-next\\dataconnect`\n"}}
[debug] [2025-11-19T19:25:02.951Z] E1119 11:25:02.951239    7240 watch.go:31] Failed to load config from "c:\\Users\\ariaa\\beemo-house-next\\dataconnect": could not find dataconnect.yaml in `c:\Users\ariaa\beemo-house-next\dataconnect`
 {"metadata":{"emulator":{"name":"dataconnect"},"message":"E1119 11:25:02.951239    7240 watch.go:31] Failed to load config from \"c:\\\\Users\\\\ariaa\\\\beemo-house-next\\\\dataconnect\": could not find dataconnect.yaml in `c:\\Users\\ariaa\\beemo-house-next\\dataconnect`\n"}}
[debug] [2025-11-19T19:25:12.949Z] E1119 11:25:12.949607    7240 watch.go:31] Failed to load config from "c:\\Users\\ariaa\\beemo-house-next\\dataconnect": could not find dataconnect.yaml in `c:\Users\ariaa\beemo-house-next\dataconnect`
 {"metadata":{"emulator":{"name":"dataconnect"},"message":"E1119 11:25:12.949607    7240 watch.go:31] Failed to load config from \"c:\\\\Users\\\\ariaa\\\\beemo-house-next\\\\dataconnect\": could not find dataconnect.yaml in `c:\\Users\\ariaa\\beemo-house-next\\dataconnect`\n"}}
[debug] [2025-11-19T19:25:22.950Z] E1119 11:25:22.950262    7240 watch.go:31] Failed to load config from "c:\\Users\\ariaa\\beemo-house-next\\dataconnect": could not find dataconnect.yaml in `c:\Users\ariaa\beemo-house-next\dataconnect`
 {"metadata":{"emulator":{"name":"dataconnect"},"message":"E1119 11:25:22.950262    7240 watch.go:31] Failed to load config from \"c:\\\\Users\\\\ariaa\\\\beemo-house-next\\\\dataconnect\": could not find dataconnect.yaml in `c:\\Users\\ariaa\\beemo-house-next\\dataconnect`\n"}}
[debug] [2025-11-19T19:25:32.951Z] E1119 11:25:32.951712    7240 watch.go:31] Failed to load config from "c:\\Users\\ariaa\\beemo-house-next\\dataconnect": could not find dataconnect.yaml in `c:\Users\ariaa\beemo-house-next\dataconnect`
 {"metadata":{"emulator":{"name":"dataconnect"},"message":"E1119 11:25:32.951712    7240 watch.go:31] Failed to load config from \"c:\\\\Users\\\\ariaa\\\\beemo-house-next\\\\dataconnect\": could not find dataconnect.yaml in `c:\\Users\\ariaa\\beemo-house-next\\dataconnect`\n"}}
[debug] [2025-11-19T19:25:42.950Z] E1119 11:25:42.950597    7240 watch.go:31] Failed to load config from "c:\\Users\\ariaa\\beemo-house-next\\dataconnect": could not find dataconnect.yaml in `c:\Users\ariaa\beemo-house-next\dataconnect`
 {"metadata":{"emulator":{"name":"dataconnect"},"message":"E1119 11:25:42.950597    7240 watch.go:31] Failed to load config from \"c:\\\\Users\\\\ariaa\\\\beemo-house-next\\\\dataconnect\": could not find dataconnect.yaml in `c:\\Users\\ariaa\\beemo-house-next\\dataconnect`\n"}}
[debug] [2025-11-19T19:25:42.951Z] E1119 11:25:42.950597    7240 watch.go:102] watchAllDir unable to walk dir `c:\Users\ariaa\beemo-house-next\dataconnect`: CreateFile c:\Users\ariaa\beemo-house-next\dataconnect: The system cannot find the file specified.
 {"metadata":{"emulator":{"name":"dataconnect"},"message":"E1119 11:25:42.950597    7240 watch.go:102] watchAllDir unable to walk dir `c:\\Users\\ariaa\\beemo-house-next\\dataconnect`: CreateFile c:\\Users\\ariaa\\beemo-house-next\\dataconnect: The system cannot find the file specified.\n"}}
[debug] [2025-11-19T19:25:52.951Z] E1119 11:25:52.951613    7240 watch.go:31] Failed to load config from "c:\\Users\\ariaa\\beemo-house-next\\dataconnect": could not find dataconnect.yaml in `c:\Users\ariaa\beemo-house-next\dataconnect`
 {"metadata":{"emulator":{"name":"dataconnect"},"message":"E1119 11:25:52.951613    7240 watch.go:31] Failed to load config from \"c:\\\\Users\\\\ariaa\\\\beemo-house-next\\\\dataconnect\": could not find dataconnect.yaml in `c:\\Users\\ariaa\\beemo-house-next\\dataconnect`\n"}}
[debug] [2025-11-19T19:26:02.950Z] E1119 11:26:02.950878    7240 watch.go:31] Failed to load config from "c:\\Users\\ariaa\\beemo-house-next\\dataconnect": could not find dataconnect.yaml in `c:\Users\ariaa\beemo-house-next\dataconnect`
 {"metadata":{"emulator":{"name":"dataconnect"},"message":"E1119 11:26:02.950878    7240 watch.go:31] Failed to load config from \"c:\\\\Users\\\\ariaa\\\\beemo-house-next\\\\dataconnect\": could not find dataconnect.yaml in `c:\\Users\\ariaa\\beemo-house-next\\dataconnect`\n"}}
[debug] [2025-11-19T19:26:12.951Z] E1119 11:26:12.950983    7240 watch.go:31] Failed to load config from "c:\\Users\\ariaa\\beemo-house-next\\dataconnect": could not find dataconnect.yaml in `c:\Users\ariaa\beemo-house-next\dataconnect`
 {"metadata":{"emulator":{"name":"dataconnect"},"message":"E1119 11:26:12.950983    7240 watch.go:31] Failed to load config from \"c:\\\\Users\\\\ariaa\\\\beemo-house-next\\\\dataconnect\": could not find dataconnect.yaml in `c:\\Users\\ariaa\\beemo-house-next\\dataconnect`\n"}}
[debug] [2025-11-19T19:26:22.951Z] E1119 11:26:22.951501    7240 watch.go:31] Failed to load config from "c:\\Users\\ariaa\\beemo-house-next\\dataconnect": could not find dataconnect.yaml in `c:\Users\ariaa\beemo-house-next\dataconnect`
 {"metadata":{"emulator":{"name":"dataconnect"},"message":"E1119 11:26:22.951501    7240 watch.go:31] Failed to load config from \"c:\\\\Users\\\\ariaa\\\\beemo-house-next\\\\dataconnect\": could not find dataconnect.yaml in `c:\\Users\\ariaa\\beemo-house-next\\dataconnect`\n"}}
[debug] [2025-11-19T19:26:32.951Z] E1119 11:26:32.951596    7240 watch.go:31] Failed to load config from "c:\\Users\\ariaa\\beemo-house-next\\dataconnect": could not find dataconnect.yaml in `c:\Users\ariaa\beemo-house-next\dataconnect`
 {"metadata":{"emulator":{"name":"dataconnect"},"message":"E1119 11:26:32.951596    7240 watch.go:31] Failed to load config from \"c:\\\\Users\\\\ariaa\\\\beemo-house-next\\\\dataconnect\": could not find dataconnect.yaml in `c:\\Users\\ariaa\\beemo-house-next\\dataconnect`\n"}}
